[2026-07-19 10:58:54]   [trend warn] Expecting value: line 1 column 1 (char 0)
[2026-07-19 10:58:54] Sujet: afrique economie explique en 2026
[2026-07-19 10:58:54]   EXC: [Errno 2] No such file or directory: '/home/alisco/afrospeak-studio/automation/scripts_autogen/20260719_105854.txt'
[2026-07-19 11:04:13]   [trend warn] Expecting value: line 1 column 1 (char 0)
[2026-07-19 11:04:13] Sujet: afrique economie explique en 2026
[2026-07-19 11:04:13]   EXC: [Errno 2] No such file or directory: '/home/alisco/afrospeak-studio/automation/scripts_autogen/20260719_110413.txt'
[2026-07-19 11:04:20]   [trend warn] Expecting value: line 1 column 1 (char 0)
[2026-07-19 11:04:20] Sujet: nigeria economie explique en 2026
[2026-07-19 11:04:20]   EXC: [Errno 2] No such file or directory: '/home/alisco/afrospeak-studio/automation/scripts_autogen/20260719_110420.txt'
[2026-07-19 11:13:54]   [trend warn] Expecting value: line 1 column 1 (char 0)
[2026-07-19 11:13:54] Sujet: souverainete alimentaire afrique explique en 2026
[2026-07-19 11:13:54]   EXC: [Errno 2] No such file or directory: '/home/alisco/afrospeak-studio/automation/scripts_autogen/20260719_111354.txt'
[2026-07-19 11:14:21]   [trend warn] Expecting value: line 1 column 1 (char 0)
[2026-07-19 11:14:21] Sujet: nigeria economie explique en 2026
[2026-07-19 11:14:21]   EXC: [Errno 2] No such file or directory: '/home/alisco/afrospeak-studio/automation/scripts_autogen/20260719_111421.txt'
[2026-07-19 11:19:14]   [trend warn] Expecting value: line 1 column 1 (char 0)
[2026-07-19 11:19:14] Sujet: afrique dette explique en 2026
[2026-07-19 11:19:14]   EXC: [Errno 2] No such file or directory: '/home/alisco/afrospeak-studio/automation/scripts_autogen/20260719_111914.txt'
[2026-07-19 11:24:22]   [trend warn] Expecting value: line 1 column 1 (char 0)
[2026-07-19 11:24:22] Sujet: nigeria economie explique en 2026
[2026-07-19 11:24:22]   EXC: [Errno 2] No such file or directory: '/home/alisco/afrospeak-studio/automation/scripts_autogen/20260719_112422.txt'
[2026-07-19 11:28:55]   [trend warn] Expecting value: line 1 column 1 (char 0)
[2026-07-19 11:28:55] Sujet: intelligence artificielle afrique explique en 2026
[2026-07-19 11:28:55]   EXC: [Errno 2] No such file or directory: '/home/alisco/afrospeak-studio/automation/scripts_autogen/20260719_112855.txt'
[2026-07-19 11:34:15]   [trend warn] Expecting value: line 1 column 1 (char 0)
[2026-07-19 11:34:15] Sujet: souverainete alimentaire afrique explique en 2026
[2026-07-19 11:34:15]   EXC: [Errno 2] No such file or directory: '/home/alisco/afrospeak-studio/automation/scripts_autogen/20260719_113415.txt'
[2026-07-19 11:34:22]   [trend warn] Expecting value: line 1 column 1 (char 0)
[2026-07-19 11:34:22] Sujet: franc CFA 2026 explique en 2026
[2026-07-19 11:34:22]   EXC: [Errno 2] No such file or directory: '/home/alisco/afrospeak-studio/automation/scripts_autogen/20260719_113422.txt'
[2026-07-19 11:43:56]   [trend warn] Expecting value: line 1 column 1 (char 0)
[2026-07-19 11:43:56] Sujet: startup africaine explique en 2026
[2026-07-19 11:43:56]   EXC: [Errno 2] No such file or directory: '/home/alisco/afrospeak-studio/automation/scripts_autogen/20260719_114356.txt'
[2026-07-19 11:44:23]   [trend warn] Expecting value: line 1 column 1 (char 0)
[2026-07-19 11:44:23] Sujet: remises africains explique en 2026
[2026-07-19 11:44:23]   EXC: [Errno 2] No such file or directory: '/home/alisco/afrospeak-studio/automation/scripts_autogen/20260719_114423.txt'
[2026-07-19 11:49:15]   [trend warn] Expecting value: line 1 column 1 (char 0)
[2026-07-19 11:49:15] Sujet: afrique dette explique en 2026
[2026-07-19 11:49:15]   EXC: [Errno 2] No such file or directory: '/home/alisco/afrospeak-studio/automation/scripts_autogen/20260719_114915.txt'
[2026-07-19 11:54:24]   [trend warn] Expecting value: line 1 column 1 (char 0)
[2026-07-19 11:54:24] Sujet: afrique economie explique en 2026
[2026-07-19 11:54:24]   EXC: [Errno 2] No such file or directory: '/home/alisco/afrospeak-studio/automation/scripts_autogen/20260719_115424.txt'
[2026-07-19 11:58:57]   [trend warn] Expecting value: line 1 column 1 (char 0)
[2026-07-19 11:58:57] Sujet: souverainete alimentaire afrique explique en 2026
[2026-07-19 11:58:57]   EXC: [Errno 2] No such file or directory: '/home/alisco/afrospeak-studio/automation/scripts_autogen/20260719_115857.txt'
[2026-07-19 12:04:16]   [trend warn] Expecting value: line 1 column 1 (char 0)
[2026-07-19 12:04:16] Sujet: startup africaine explique en 2026
[2026-07-19 12:04:16]   EXC: [Errno 2] No such file or directory: '/home/alisco/afrospeak-studio/automation/scripts_autogen/20260719_120416.txt'
[2026-07-19 12:04:25]   [trend warn] Expecting value: line 1 column 1 (char 0)
[2026-07-19 12:04:25] Sujet: chine afrique explique en 2026
[2026-07-19 12:04:25]   EXC: [Errno 2] No such file or directory: '/home/alisco/afrospeak-studio/automation/scripts_autogen/20260719_120425.txt'
[2026-07-19 12:13:57]   [trend warn] Expecting value: line 1 column 1 (char 0)
[2026-07-19 12:13:57] Sujet: diaspora africaine explique en 2026
[2026-07-19 12:13:57]   EXC: [Errno 2] No such file or directory: '/home/alisco/afrospeak-studio/automation/scripts_autogen/20260719_121357.txt'
[2026-07-19 12:14:26]   [trend warn] Expecting value: line 1 column 1 (char 0)
[2026-07-19 12:14:26] Sujet: agriculture afrique explique en 2026
[2026-07-19 12:14:26]   EXC: [Errno 2] No such file or directory: '/home/alisco/afrospeak-studio/automation/scripts_autogen/20260719_121426.txt'
[2026-07-19 12:19:17]   [trend warn] Expecting value: line 1 column 1 (char 0)
[2026-07-19 12:19:17] Sujet: nigeria economie explique en 2026
[2026-07-19 12:19:17]   EXC: [Errno 2] No such file or directory: '/home/alisco/afrospeak-studio/automation/scripts_autogen/20260719_121917.txt'
[2026-07-19 12:24:26]   [trend warn] Expecting value: line 1 column 1 (char 0)
[2026-07-19 12:24:26] Sujet: remises africains explique en 2026
[2026-07-19 12:24:26]   EXC: [Errno 2] No such file or directory: '/home/alisco/afrospeak-studio/automation/scripts_autogen/20260719_122426.txt'
[2026-07-19 12:28:58]   [trend warn] Expecting value: line 1 column 1 (char 0)
[2026-07-19 12:28:58] Sujet: agriculture afrique explique en 2026
[2026-07-19 12:28:58]   EXC: [Errno 2] No such file or directory: '/home/alisco/afrospeak-studio/automation/scripts_autogen/20260719_122858.txt'
[2026-07-19 12:34:18]   [trend warn] Expecting value: line 1 column 1 (char 0)
[2026-07-19 12:34:18] Sujet: afrique dette explique en 2026
[2026-07-19 12:34:18]   EXC: [Errno 2] No such file or directory: '/home/alisco/afrospeak-studio/automation/scripts_autogen/20260719_123418.txt'
[2026-07-19 12:34:27]   [trend warn] Expecting value: line 1 column 1 (char 0)
[2026-07-19 12:34:27] Sujet: diaspora africaine explique en 2026
[2026-07-19 12:34:27]   EXC: [Errno 2] No such file or directory: '/home/alisco/afrospeak-studio/automation/scripts_autogen/20260719_123427.txt'
[2026-07-19 12:43:59]   [trend warn] Expecting value: line 1 column 1 (char 0)
[2026-07-19 12:43:59] Sujet: intelligence artificielle afrique explique en 2026
[2026-07-19 12:43:59]   EXC: [Errno 2] No such file or directory: '/home/alisco/afrospeak-studio/automation/scripts_autogen/20260719_124359.txt'
[2026-07-19 12:44:28]   [trend warn] Expecting value: line 1 column 1 (char 0)
[2026-07-19 12:44:28] Sujet: agriculture afrique explique en 2026
[2026-07-19 12:44:28]   EXC: [Errno 2] No such file or directory: '/home/alisco/afrospeak-studio/automation/scripts_autogen/20260719_124428.txt'
[2026-07-19 12:49:18]   [trend warn] Expecting value: line 1 column 1 (char 0)
[2026-07-19 12:49:18] Sujet: intelligence artificielle afrique explique en 2026
[2026-07-19 12:49:18]   EXC: [Errno 2] No such file or directory: '/home/alisco/afrospeak-studio/automation/scripts_autogen/20260719_124918.txt'
[2026-07-19 12:54:29]   [trend warn] Expecting value: line 1 column 1 (char 0)
[2026-07-19 12:54:29] Sujet: remises africains explique en 2026
[2026-07-19 12:54:29]   EXC: [Errno 2] No such file or directory: '/home/alisco/afrospeak-studio/automation/scripts_autogen/20260719_125429.txt'
[2026-07-19 12:58:59]   [trend warn] Expecting value: line 1 column 1 (char 0)
[2026-07-19 12:58:59] Sujet: souverainete alimentaire afrique explique en 2026
[2026-07-19 12:58:59]   EXC: [Errno 2] No such file or directory: '/home/alisco/afrospeak-studio/automation/scripts_autogen/20260719_125859.txt'
[2026-07-19 13:04:19]   [trend warn] Expecting value: line 1 column 1 (char 0)
[2026-07-19 13:04:19] Sujet: nigeria economie explique en 2026
[2026-07-19 13:04:19]   EXC: [Errno 2] No such file or directory: '/home/alisco/afrospeak-studio/automation/scripts_autogen/20260719_130419.txt'
[2026-07-19 13:04:29]   [trend warn] Expecting value: line 1 column 1 (char 0)
[2026-07-19 13:04:29] Sujet: afrique economie explique en 2026
[2026-07-19 13:04:29]   EXC: [Errno 2] No such file or directory: '/home/alisco/afrospeak-studio/automation/scripts_autogen/20260719_130429.txt'
[2026-07-19 13:14:00]   [trend warn] Expecting value: line 1 column 1 (char 0)
[2026-07-19 13:14:00] Sujet: franc CFA 2026 explique en 2026
[2026-07-19 13:14:00]   EXC: [Errno 2] No such file or directory: '/home/alisco/afrospeak-studio/automation/scripts_autogen/20260719_131400.txt'
[2026-07-19 13:14:30]   [trend warn] Expecting value: line 1 column 1 (char 0)
[2026-07-19 13:14:30] Sujet: afrique economie explique en 2026
[2026-07-19 13:14:30]   EXC: [Errno 2] No such file or directory: '/home/alisco/afrospeak-studio/automation/scripts_autogen/20260719_131430.txt'
[2026-07-19 13:19:20]   [trend warn] Expecting value: line 1 column 1 (char 0)
[2026-07-19 13:19:20] Sujet: intelligence artificielle afrique explique en 2026
[2026-07-19 13:19:20]   EXC: [Errno 2] No such file or directory: '/home/alisco/afrospeak-studio/automation/scripts_autogen/20260719_131920.txt'
[2026-07-19 13:24:31]   [trend warn] Expecting value: line 1 column 1 (char 0)
[2026-07-19 13:24:31] Sujet: nigeria economie explique en 2026
[2026-07-19 13:24:31]   EXC: [Errno 2] No such file or directory: '/home/alisco/afrospeak-studio/automation/scripts_autogen/20260719_132431.txt'
[2026-07-19 13:29:01]   [trend warn] Expecting value: line 1 column 1 (char 0)
[2026-07-19 13:29:01] Sujet: remises africains explique en 2026
[2026-07-19 13:29:01]   EXC: [Errno 2] No such file or directory: '/home/alisco/afrospeak-studio/automation/scripts_autogen/20260719_132901.txt'
[2026-07-19 13:34:21]   [trend warn] Expecting value: line 1 column 1 (char 0)
[2026-07-19 13:34:21] Sujet: souverainete alimentaire afrique explique en 2026
[2026-07-19 13:34:21]   EXC: [Errno 2] No such file or directory: '/home/alisco/afrospeak-studio/automation/scripts_autogen/20260719_133421.txt'
[2026-07-19 13:34:32]   [trend warn] Expecting value: line 1 column 1 (char 0)
[2026-07-19 13:34:32] Sujet: afrique dette explique en 2026
[2026-07-19 13:34:32]   EXC: [Errno 2] No such file or directory: '/home/alisco/afrospeak-studio/automation/scripts_autogen/20260719_133432.txt'
[2026-07-19 13:44:02]   [trend warn] Expecting value: line 1 column 1 (char 0)
[2026-07-19 13:44:02] Sujet: afrique dette explique en 2026
[2026-07-19 13:44:02]   EXC: [Errno 2] No such file or directory: '/home/alisco/afrospeak-studio/automation/scripts_autogen/20260719_134402.txt'
[2026-07-19 13:44:33]   [trend warn] Expecting value: line 1 column 1 (char 0)
[2026-07-19 13:44:33] Sujet: diaspora africaine explique en 2026
[2026-07-19 13:44:33]   EXC: [Errno 2] No such file or directory: '/home/alisco/afrospeak-studio/automation/scripts_autogen/20260719_134433.txt'
[2026-07-19 13:49:21]   [trend warn] Expecting value: line 1 column 1 (char 0)
[2026-07-19 13:49:21] Sujet: agriculture afrique explique en 2026
[2026-07-19 13:49:21]   EXC: [Errno 2] No such file or directory: '/home/alisco/afrospeak-studio/automation/scripts_autogen/20260719_134921.txt'
[2026-07-19 13:54:34]   [trend warn] Expecting value: line 1 column 1 (char 0)
[2026-07-19 13:54:34] Sujet: afrique dette explique en 2026
[2026-07-19 13:54:34]   EXC: [Errno 2] No such file or directory: '/home/alisco/afrospeak-studio/automation/scripts_autogen/20260719_135434.txt'
[2026-07-19 13:59:03]   [trend warn] Expecting value: line 1 column 1 (char 0)
[2026-07-19 13:59:03] Sujet: afrique economie explique en 2026
[2026-07-19 13:59:03]   EXC: [Errno 2] No such file or directory: '/home/alisco/afrospeak-studio/automation/scripts_autogen/20260719_135903.txt'
[2026-07-19 14:04:23]   [trend warn] Expecting value: line 1 column 1 (char 0)
[2026-07-19 14:04:23] Sujet: afrique economie explique en 2026
[2026-07-19 14:04:23]   EXC: [Errno 2] No such file or directory: '/home/alisco/afrospeak-studio/automation/scripts_autogen/20260719_140423.txt'
[2026-07-19 14:04:34]   [trend warn] Expecting value: line 1 column 1 (char 0)
[2026-07-19 14:04:34] Sujet: startup africaine explique en 2026
[2026-07-19 14:04:34]   EXC: [Errno 2] No such file or directory: '/home/alisco/afrospeak-studio/automation/scripts_autogen/20260719_140434.txt'
[2026-07-19 14:14:05]   [trend warn] Expecting value: line 1 column 1 (char 0)
[2026-07-19 14:14:05] Sujet: diaspora africaine explique en 2026
[2026-07-19 14:14:05]   EXC: [Errno 2] No such file or directory: '/home/alisco/afrospeak-studio/automation/scripts_autogen/20260719_141405.txt'
[2026-07-19 14:14:35]   [trend warn] Expecting value: line 1 column 1 (char 0)
[2026-07-19 14:14:35] Sujet: souverainete alimentaire afrique explique en 2026
[2026-07-19 14:14:35]   EXC: [Errno 2] No such file or directory: '/home/alisco/afrospeak-studio/automation/scripts_autogen/20260719_141435.txt'
[2026-07-19 14:19:24]   [trend warn] Expecting value: line 1 column 1 (char 0)
[2026-07-19 14:19:24] Sujet: chine afrique explique en 2026
[2026-07-19 14:19:24]   EXC: [Errno 2] No such file or directory: '/home/alisco/afrospeak-studio/automation/scripts_autogen/20260719_141924.txt'
[2026-07-19 14:24:36]   [trend warn] Expecting value: line 1 column 1 (char 0)
[2026-07-19 14:24:36] Sujet: diaspora africaine explique en 2026
[2026-07-19 14:24:36]   EXC: [Errno 2] No such file or directory: '/home/alisco/afrospeak-studio/automation/scripts_autogen/20260719_142436.txt'
[2026-07-19 14:29:06]   [trend warn] Expecting value: line 1 column 1 (char 0)
[2026-07-19 14:29:06] Sujet: intelligence artificielle afrique explique en 2026
[2026-07-19 14:29:06]   EXC: [Errno 2] No such file or directory: '/home/alisco/afrospeak-studio/automation/scripts_autogen/20260719_142906.txt'
[2026-07-19 14:34:24]   [trend warn] Expecting value: line 1 column 1 (char 0)
[2026-07-19 14:34:24] Sujet: remises africains explique en 2026
[2026-07-19 14:34:24]   EXC: [Errno 2] No such file or directory: '/home/alisco/afrospeak-studio/automation/scripts_autogen/20260719_143424.txt'
[2026-07-19 14:34:37]   [trend warn] Expecting value: line 1 column 1 (char 0)
[2026-07-19 14:34:37] Sujet: diaspora africaine explique en 2026
[2026-07-19 14:34:37]   EXC: [Errno 2] No such file or directory: '/home/alisco/afrospeak-studio/automation/scripts_autogen/20260719_143437.txt'
[2026-07-19 14:44:07]   [trend warn] Expecting value: line 1 column 1 (char 0)
[2026-07-19 14:44:07] Sujet: nigeria economie explique en 2026
[2026-07-19 14:44:07]   EXC: [Errno 2] No such file or directory: '/home/alisco/afrospeak-studio/automation/scripts_autogen/20260719_144407.txt'
[2026-07-19 14:44:38]   [trend warn] Expecting value: line 1 column 1 (char 0)
[2026-07-19 14:44:38] Sujet: souverainete alimentaire afrique explique en 2026
[2026-07-19 14:44:38]   EXC: [Errno 2] No such file or directory: '/home/alisco/afrospeak-studio/automation/scripts_autogen/20260719_144438.txt'
[2026-07-19 14:49:25]   [trend warn] Expecting value: line 1 column 1 (char 0)
[2026-07-19 14:49:25] Sujet: afrique dette explique en 2026
[2026-07-19 14:49:25]   EXC: [Errno 2] No such file or directory: '/home/alisco/afrospeak-studio/automation/scripts_autogen/20260719_144925.txt'
[2026-07-19 14:54:39]   [trend warn] Expecting value: line 1 column 1 (char 0)
[2026-07-19 14:54:39] Sujet: startup africaine explique en 2026
[2026-07-19 14:54:39]   EXC: [Errno 2] No such file or directory: '/home/alisco/afrospeak-studio/automation/scripts_autogen/20260719_145439.txt'
[2026-07-19 14:59:07]   [trend warn] Expecting value: line 1 column 1 (char 0)
[2026-07-19 14:59:07] Sujet: remises africains explique en 2026
[2026-07-19 14:59:07]   EXC: [Errno 2] No such file or directory: '/home/alisco/afrospeak-studio/automation/scripts_autogen/20260719_145907.txt'
[2026-07-19 15:04:26]   [trend warn] Expecting value: line 1 column 1 (char 0)
[2026-07-19 15:04:26] Sujet: startup africaine explique en 2026
[2026-07-19 15:04:26]   EXC: [Errno 2] No such file or directory: '/home/alisco/afrospeak-studio/automation/scripts_autogen/20260719_150426.txt'
[2026-07-19 15:04:40]   [trend warn] Expecting value: line 1 column 1 (char 0)
[2026-07-19 15:04:40] Sujet: souverainete alimentaire afrique explique en 2026
[2026-07-19 15:04:40]   EXC: [Errno 2] No such file or directory: '/home/alisco/afrospeak-studio/automation/scripts_autogen/20260719_150440.txt'
[2026-07-19 15:14:08]   [trend warn] Expecting value: line 1 column 1 (char 0)
[2026-07-19 15:14:08] Sujet: afrique economie explique en 2026
[2026-07-19 15:14:08]   EXC: [Errno 2] No such file or directory: '/home/alisco/afrospeak-studio/automation/scripts_autogen/20260719_151408.txt'
[2026-07-19 15:14:40]   [trend warn] Expecting value: line 1 column 1 (char 0)
[2026-07-19 15:14:40] Sujet: intelligence artificielle afrique explique en 2026
[2026-07-19 15:14:40]   EXC: [Errno 2] No such file or directory: '/home/alisco/afrospeak-studio/automation/scripts_autogen/20260719_151440.txt'
[2026-07-19 15:19:27]   [trend warn] Expecting value: line 1 column 1 (char 0)
[2026-07-19 15:19:27] Sujet: chine afrique explique en 2026
[2026-07-19 15:19:27]   EXC: [Errno 2] No such file or directory: '/home/alisco/afrospeak-studio/automation/scripts_autogen/20260719_151927.txt'
[2026-07-19 15:24:41]   [trend warn] Expecting value: line 1 column 1 (char 0)
[2026-07-19 15:24:41] Sujet: diaspora africaine explique en 2026
[2026-07-19 15:24:41]   EXC: [Errno 2] No such file or directory: '/home/alisco/afrospeak-studio/automation/scripts_autogen/20260719_152441.txt'
[2026-07-19 15:29:09]   [trend warn] Expecting value: line 1 column 1 (char 0)
[2026-07-19 15:29:09] Sujet: franc CFA 2026 explique en 2026
[2026-07-19 15:29:09]   EXC: [Errno 2] No such file or directory: '/home/alisco/afrospeak-studio/automation/scripts_autogen/20260719_152909.txt'
[2026-07-19 15:34:28]   [trend warn] Expecting value: line 1 column 1 (char 0)
[2026-07-19 15:34:28] Sujet: agriculture afrique explique en 2026
[2026-07-19 15:34:28]   EXC: [Errno 2] No such file or directory: '/home/alisco/afrospeak-studio/automation/scripts_autogen/20260719_153428.txt'
[2026-07-19 15:34:42]   [trend warn] Expecting value: line 1 column 1 (char 0)
[2026-07-19 15:34:42] Sujet: startup africaine explique en 2026
[2026-07-19 15:34:42]   EXC: [Errno 2] No such file or directory: '/home/alisco/afrospeak-studio/automation/scripts_autogen/20260719_153442.txt'
[2026-07-19 15:44:10]   [trend warn] Expecting value: line 1 column 1 (char 0)
[2026-07-19 15:44:10] Sujet: souverainete alimentaire afrique explique en 2026
[2026-07-19 15:44:10]   EXC: [Errno 2] No such file or directory: '/home/alisco/afrospeak-studio/automation/scripts_autogen/20260719_154410.txt'
[2026-07-19 15:44:43]   [trend warn] Expecting value: line 1 column 1 (char 0)
[2026-07-19 15:44:43] Sujet: agriculture afrique explique en 2026
[2026-07-19 15:44:43]   EXC: [Errno 2] No such file or directory: '/home/alisco/afrospeak-studio/automation/scripts_autogen/20260719_154443.txt'
[2026-07-19 15:49:29]   [trend warn] Expecting value: line 1 column 1 (char 0)
[2026-07-19 15:49:29] Sujet: chine afrique explique en 2026
[2026-07-19 15:49:29]   EXC: [Errno 2] No such file or directory: '/home/alisco/afrospeak-studio/automation/scripts_autogen/20260719_154929.txt'
[2026-07-19 15:54:44]   [trend warn] Expecting value: line 1 column 1 (char 0)
[2026-07-19 15:54:44] Sujet: diaspora africaine explique en 2026
[2026-07-19 15:54:44]   EXC: [Errno 2] No such file or directory: '/home/alisco/afrospeak-studio/automation/scripts_autogen/20260719_155444.txt'
[2026-07-19 15:59:11]   [trend warn] Expecting value: line 1 column 1 (char 0)
[2026-07-19 15:59:11] Sujet: startup africaine explique en 2026
[2026-07-19 15:59:11]   EXC: [Errno 2] No such file or directory: '/home/alisco/afrospeak-studio/automation/scripts_autogen/20260719_155911.txt'
[2026-07-19 16:04:30]   [trend warn] Expecting value: line 1 column 1 (char 0)
[2026-07-19 16:04:30] Sujet: franc CFA 2026 explique en 2026
[2026-07-19 16:04:30]   EXC: [Errno 2] No such file or directory: '/home/alisco/afrospeak-studio/automation/scripts_autogen/20260719_160430.txt'
[2026-07-19 16:04:46]   [trend warn] Expecting value: line 1 column 1 (char 0)
[2026-07-19 16:04:46] Sujet: afrique economie explique en 2026
[2026-07-19 16:04:46]   EXC: [Errno 2] No such file or directory: '/home/alisco/afrospeak-studio/automation/scripts_autogen/20260719_160446.txt'
[2026-07-19 16:14:13]   [trend warn] Expecting value: line 1 column 1 (char 0)
[2026-07-19 16:14:13] Sujet: intelligence artificielle afrique explique en 2026
[2026-07-19 16:14:13]   EXC: [Errno 2] No such file or directory: '/home/alisco/afrospeak-studio/automation/scripts_autogen/20260719_161413.txt'
[2026-07-19 16:14:46]   [trend warn] Expecting value: line 1 column 1 (char 0)
[2026-07-19 16:14:46] Sujet: franc CFA 2026 explique en 2026
[2026-07-19 16:14:46]   EXC: [Errno 2] No such file or directory: '/home/alisco/afrospeak-studio/automation/scripts_autogen/20260719_161446.txt'
[2026-07-19 16:19:32]   [trend warn] Expecting value: line 1 column 1 (char 0)
[2026-07-19 16:19:32] Sujet: diaspora africaine explique en 2026
[2026-07-19 16:19:32]   EXC: [Errno 2] No such file or directory: '/home/alisco/afrospeak-studio/automation/scripts_autogen/20260719_161932.txt'
[2026-07-19 16:24:48]   [trend warn] Expecting value: line 1 column 1 (char 0)
[2026-07-19 16:24:48] Sujet: souverainete alimentaire afrique explique en 2026
[2026-07-19 16:24:48]   EXC: [Errno 2] No such file or directory: '/home/alisco/afrospeak-studio/automation/scripts_autogen/20260719_162448.txt'
[2026-07-19 16:29:16]   [trend warn] Expecting value: line 1 column 1 (char 0)
[2026-07-19 16:29:16] Sujet: startup africaine explique en 2026
[2026-07-19 16:29:16]   EXC: [Errno 2] No such file or directory: '/home/alisco/afrospeak-studio/automation/scripts_autogen/20260719_162916.txt'
[2026-07-19 16:34:33]   [trend warn] Expecting value: line 1 column 1 (char 0)
[2026-07-19 16:34:33] Sujet: afrique dette explique en 2026
[2026-07-19 16:34:33]   EXC: [Errno 2] No such file or directory: '/home/alisco/afrospeak-studio/automation/scripts_autogen/20260719_163433.txt'
[2026-07-19 16:34:49]   [trend warn] Expecting value: line 1 column 1 (char 0)
[2026-07-19 16:34:49] Sujet: agriculture afrique explique en 2026
[2026-07-19 16:34:49]   EXC: [Errno 2] No such file or directory: '/home/alisco/afrospeak-studio/automation/scripts_autogen/20260719_163449.txt'
[2026-07-19 16:44:19]   [trend warn] Expecting value: line 1 column 1 (char 0)
[2026-07-19 16:44:19] Sujet: agriculture afrique explique en 2026
[2026-07-19 16:44:19]   EXC: [Errno 2] No such file or directory: '/home/alisco/afrospeak-studio/automation/scripts_autogen/20260719_164419.txt'
[2026-07-19 16:44:51]   [trend warn] Expecting value: line 1 column 1 (char 0)
[2026-07-19 16:44:51] Sujet: diaspora africaine explique en 2026
[2026-07-19 16:44:51]   EXC: [Errno 2] No such file or directory: '/home/alisco/afrospeak-studio/automation/scripts_autogen/20260719_164451.txt'
[2026-07-19 16:49:34]   [trend warn] Expecting value: line 1 column 1 (char 0)
[2026-07-19 16:49:34] Sujet: afrique economie explique en 2026
[2026-07-19 16:49:34]   EXC: [Errno 2] No such file or directory: '/home/alisco/afrospeak-studio/automation/scripts_autogen/20260719_164934.txt'
[2026-07-19 16:54:52]   [trend warn] Expecting value: line 1 column 1 (char 0)
[2026-07-19 16:54:52] Sujet: agriculture afrique explique en 2026
[2026-07-19 16:54:52]   EXC: [Errno 2] No such file or directory: '/home/alisco/afrospeak-studio/automation/scripts_autogen/20260719_165452.txt'
[2026-07-19 16:59:19]   [trend warn] Expecting value: line 1 column 1 (char 0)
[2026-07-19 16:59:19] Sujet: nigeria economie explique en 2026
[2026-07-19 16:59:19]   EXC: [Errno 2] No such file or directory: '/home/alisco/afrospeak-studio/automation/scripts_autogen/20260719_165919.txt'
[2026-07-19 17:04:35]   [trend warn] Expecting value: line 1 column 1 (char 0)
[2026-07-19 17:04:35] Sujet: afrique dette explique en 2026
[2026-07-19 17:04:35]   EXC: [Errno 2] No such file or directory: '/home/alisco/afrospeak-studio/automation/scripts_autogen/20260719_170435.txt'
[2026-07-19 17:04:54]   [trend warn] Expecting value: line 1 column 1 (char 0)
[2026-07-19 17:04:54] Sujet: afrique economie explique en 2026
[2026-07-19 17:04:54]   EXC: [Errno 2] No such file or directory: '/home/alisco/afrospeak-studio/automation/scripts_autogen/20260719_170454.txt'
